<?xml version="1.0" encoding="UTF-8"?>
<!-- Generated by org.testng.reporters.JUnitReportReporter -->
<testsuite hostname="Nik" failures="0" tests="1" name="com.qa.tests.LoginTests" time="9.358" errors="0" timestamp="2023-01-12T11:15:44 GMT" skipped="0">
  <testcase classname="com.qa.tests.LoginTests" name="invalidUserName" time="9.358"/>
  <system-out/>
</testsuite> <!-- com.qa.tests.LoginTests -->
